# JRE version: OpenJDK Runtime Environment (Zulu 8.78.0.19-CA-macos-aarch64) (8.0_412-b08) (build 1.8.0_412-b08)
# Java VM: OpenJDK 64-Bit Server VM (25.412-b08 mixed mode bsd-aarch64 compressed oops)
Heap:
 PSYoungGen      total 287744K, used 127589K [0x0000000715580000, 0x0000000729080000, 0x00000007c0000000)
  eden space 254976K, 43% used [0x0000000715580000,0x000000071c299668,0x0000000724e80000)
  from space 32768K, 48% used [0x0000000727080000,0x0000000727fffe88,0x0000000729080000)
  to   space 33792K, 0% used [0x0000000724e80000,0x0000000724e80000,0x0000000726f80000)
 ParOldGen       total 349696K, used 21521K [0x00000005c0000000, 0x00000005d5580000, 0x0000000715580000)
  object space 349696K, 6% used [0x00000005c0000000,0x00000005c1504488,0x00000005d5580000)
 Metaspace       used 19594K, capacity 20657K, committed 20864K, reserved 1067008K
  class space    used 2815K, capacity 3377K, committed 3456K, reserved 1048576K
GC Heap History (10 events):
Event: 569.352 GC heap before
{Heap before GC invocations=4 (full 0):
 PSYoungGen      total 153088K, used 151402K [0x0000000715580000, 0x0000000720000000, 0x00000007c0000000)
  eden space 131584K, 100% used [0x0000000715580000,0x000000071d600000,0x000000071d600000)
  from space 21504K, 92% used [0x000000071d600000,0x000000071e95a9a0,0x000000071eb00000)
  to   space 21504K, 0% used [0x000000071eb00000,0x000000071eb00000,0x0000000720000000)
 ParOldGen       total 349696K, used 40K [0x00000005c0000000, 0x00000005d5580000, 0x0000000715580000)
  object space 349696K, 0% used [0x00000005c0000000,0x00000005c000a000,0x00000005d5580000)
 Metaspace       used 19289K, capacity 20381K, committed 20608K, reserved 1067008K
  class space    used 2813K, capacity 3377K, committed 3456K, reserved 1048576K
Event: 569.368 GC heap after
Heap after GC invocations=4 (full 0):
 PSYoungGen      total 153088K, used 21503K [0x0000000715580000, 0x0000000720000000, 0x00000007c0000000)
  eden space 131584K, 0% used [0x0000000715580000,0x0000000715580000,0x000000071d600000)
  from space 21504K, 99% used [0x000000071eb00000,0x000000071fffffd0,0x0000000720000000)
  to   space 21504K, 0% used [0x000000071d600000,0x000000071d600000,0x000000071eb00000)
 ParOldGen       total 349696K, used 3973K [0x00000005c0000000, 0x00000005d5580000, 0x0000000715580000)
  object space 349696K, 1% used [0x00000005c0000000,0x00000005c03e14b0,0x00000005d5580000)
 Metaspace       used 19289K, capacity 20381K, committed 20608K, reserved 1067008K
  class space    used 2813K, capacity 3377K, committed 3456K, reserved 1048576K
}
Event: 612.349 GC heap before
{Heap before GC invocations=5 (full 0):
 PSYoungGen      total 153088K, used 153087K [0x0000000715580000, 0x0000000720000000, 0x00000007c0000000)
  eden space 131584K, 100% used [0x0000000715580000,0x000000071d600000,0x000000071d600000)
  from space 21504K, 99% used [0x000000071eb00000,0x000000071fffffd0,0x0000000720000000)
  to   space 21504K, 0% used [0x000000071d600000,0x000000071d600000,0x000000071eb00000)
 ParOldGen       total 349696K, used 3973K [0x00000005c0000000, 0x00000005d5580000, 0x0000000715580000)
  object space 349696K, 1% used [0x00000005c0000000,0x00000005c03e14b0,0x00000005d5580000)
 Metaspace       used 19375K, capacity 20525K, committed 20608K, reserved 1067008K
  class space    used 2813K, capacity 3377K, committed 3456K, reserved 1048576K
Event: 612.366 GC heap after
Heap after GC invocations=5 (full 0):
 PSYoungGen      total 150016K, used 21488K [0x0000000715580000, 0x0000000721900000, 0x00000007c0000000)
  eden space 128512K, 0% used [0x0000000715580000,0x0000000715580000,0x000000071d300000)
  from space 21504K, 99% used [0x000000071d600000,0x000000071eafc010,0x000000071eb00000)
  to   space 35840K, 0% used [0x000000071f600000,0x000000071f600000,0x0000000721900000)
 ParOldGen       total 349696K, used 11997K [0x00000005c0000000, 0x00000005d5580000, 0x0000000715580000)
  object space 349696K, 3% used [0x00000005c0000000,0x00000005c0bb74b0,0x00000005d5580000)
 Metaspace       used 19375K, capacity 20525K, committed 20608K, reserved 1067008K
  class space    used 2813K, capacity 3377K, committed 3456K, reserved 1048576K
}
Event: 612.554 GC heap before
{Heap before GC invocations=6 (full 0):
 PSYoungGen      total 150016K, used 150000K [0x0000000715580000, 0x0000000721900000, 0x00000007c0000000)
  eden space 128512K, 100% used [0x0000000715580000,0x000000071d300000,0x000000071d300000)
  from space 21504K, 99% used [0x000000071d600000,0x000000071eafc010,0x000000071eb00000)
  to   space 35840K, 0% used [0x000000071f600000,0x000000071f600000,0x0000000721900000)
 ParOldGen       total 349696K, used 11997K [0x00000005c0000000, 0x00000005d5580000, 0x0000000715580000)
  object space 349696K, 3% used [0x00000005c0000000,0x00000005c0bb74b0,0x00000005d5580000)
 Metaspace       used 19479K, capacity 20525K, committed 20608K, reserved 1067008K
  class space    used 2813K, capacity 3377K, committed 3456K, reserved 1048576K
Event: 612.564 GC heap after
Heap after GC invocations=6 (full 0):
 PSYoungGen      total 163328K, used 25151K [0x0000000715580000, 0x0000000729880000, 0x00000007c0000000)
  eden space 127488K, 0% used [0x0000000715580000,0x0000000715580000,0x000000071d200000)
  from space 35840K, 70% used [0x000000071f600000,0x0000000720e8fff0,0x0000000721900000)
  to   space 36864K, 0% used [0x000000071d200000,0x000000071d200000,0x000000071f600000)
 ParOldGen       total 349696K, used 12005K [0x00000005c0000000, 0x00000005d5580000, 0x0000000715580000)
  object space 349696K, 3% used [0x00000005c0000000,0x00000005c0bb94b0,0x00000005d5580000)
 Metaspace       used 19479K, capacity 20525K, committed 20608K, reserved 1067008K
  class space    used 2813K, capacity 3377K, committed 3456K, reserved 1048576K
}
Event: 1026.407 GC heap before
{Heap before GC invocations=7 (full 0):
 PSYoungGen      total 163328K, used 152639K [0x0000000715580000, 0x0000000729880000, 0x00000007c0000000)
  eden space 127488K, 100% used [0x0000000715580000,0x000000071d200000,0x000000071d200000)
  from space 35840K, 70% used [0x000000071f600000,0x0000000720e8fff0,0x0000000721900000)
  to   space 36864K, 0% used [0x000000071d200000,0x000000071d200000,0x000000071f600000)
 ParOldGen       total 349696K, used 12005K [0x00000005c0000000, 0x00000005d5580000, 0x0000000715580000)
  object space 349696K, 3% used [0x00000005c0000000,0x00000005c0bb94b0,0x00000005d5580000)
 Metaspace       used 19580K, capacity 20657K, committed 20864K, reserved 1067008K
  class space    used 2815K, capacity 3377K, committed 3456K, reserved 1048576K
Event: 1026.420 GC heap after
Heap after GC invocations=7 (full 0):
 PSYoungGen      total 164352K, used 18987K [0x0000000715580000, 0x0000000729280000, 0x00000007c0000000)
  eden space 127488K, 0% used [0x0000000715580000,0x0000000715580000,0x000000071d200000)
  from space 36864K, 51% used [0x000000071d200000,0x000000071e48ad08,0x000000071f600000)
  to   space 34816K, 0% used [0x0000000727080000,0x0000000727080000,0x0000000729280000)
 ParOldGen       total 349696K, used 18793K [0x00000005c0000000, 0x00000005d5580000, 0x0000000715580000)
  object space 349696K, 5% used [0x00000005c0000000,0x00000005c125a618,0x00000005d5580000)
 Metaspace       used 19580K, capacity 20657K, committed 20864K, reserved 1067008K
  class space    used 2815K, capacity 3377K, committed 3456K, reserved 1048576K
}
Event: 1026.599 GC heap before
{Heap before GC invocations=8 (full 0):
 PSYoungGen      total 164352K, used 146475K [0x0000000715580000, 0x0000000729280000, 0x00000007c0000000)
  eden space 127488K, 100% used [0x0000000715580000,0x000000071d200000,0x000000071d200000)
  from space 36864K, 51% used [0x000000071d200000,0x000000071e48ad08,0x000000071f600000)
  to   space 34816K, 0% used [0x0000000727080000,0x0000000727080000,0x0000000729280000)
 ParOldGen       total 349696K, used 18793K [0x00000005c0000000, 0x00000005d5580000, 0x0000000715580000)
  object space 349696K, 5% used [0x00000005c0000000,0x00000005c125a618,0x00000005d5580000)
 Metaspace       used 19589K, capacity 20657K, committed 20864K, reserved 1067008K
  class space    used 2815K, capacity 3377K, committed 3456K, reserved 1048576K
Event: 1026.609 GC heap after
Heap after GC invocations=8 (full 0):
 PSYoungGen      total 287744K, used 15871K [0x0000000715580000, 0x0000000729080000, 0x00000007c0000000)
  eden space 254976K, 0% used [0x0000000715580000,0x0000000715580000,0x0000000724e80000)
  from space 32768K, 48% used [0x0000000727080000,0x0000000727fffe88,0x0000000729080000)
  to   space 33792K, 0% used [0x0000000724e80000,0x0000000724e80000,0x0000000726f80000)
 ParOldGen       total 349696K, used 21521K [0x00000005c0000000, 0x00000005d5580000, 0x0000000715580000)
  object space 349696K, 6% used [0x00000005c0000000,0x00000005c1504488,0x00000005d5580000)
 Metaspace       used 19589K, capacity 20657K, committed 20864K, reserved 1067008K
  class space    used 2815K, capacity 3377K, committed 3456K, reserved 1048576K
}

